<?xml version="1.0" encoding="UTF-8"?>
<!-- Generated by org.testng.reporters.JUnitReportReporter -->
<testsuite hostname="LAPTOP-J5E37TJF" failures="0" tests="1" name="testclass.LogoutTest" time="5.888" errors="0" timestamp="2021-12-22T09:38:07 IST" skipped="0">
  <testcase classname="testclass.LogoutTest" name="verifyLogout" time="5.888"/>
  <system-out/>
</testsuite> <!-- testclass.LogoutTest -->
