<?xml version="1.0" encoding="UTF-8"?>
<!-- Generated by org.testng.reporters.JUnitReportReporter -->
<testsuite hostname="LAPTOP-J5E37TJF" failures="0" tests="1" name="testclass.LoginTest" time="4.671" errors="0" timestamp="2021-12-22T09:38:07 IST" skipped="0">
  <testcase classname="testclass.LoginTest" name="verifyLogin" time="4.671"/>
  <system-out/>
</testsuite> <!-- testclass.LoginTest -->
